# JRE version: Java(TM) SE Runtime Environment (8.0_91-b14) (build 1.8.0_91-b14)
# Java VM: Java HotSpot(TM) 64-Bit Server VM (25.91-b14 mixed mode windows-amd64 compressed oops)
Heap:
 PSYoungGen      total 230400K, used 120075K [0x00000000d5f00000, 0x00000000e8200000, 0x0000000100000000)
  eden space 210944K, 52% used [0x00000000d5f00000,0x00000000dcaaa6c8,0x00000000e2d00000)
  from space 19456K, 50% used [0x00000000e2d00000,0x00000000e36988e8,0x00000000e4000000)
  to   space 18944K, 0% used [0x00000000e6f80000,0x00000000e6f80000,0x00000000e8200000)
 ParOldGen       total 137728K, used 38427K [0x0000000081c00000, 0x000000008a280000, 0x00000000d5f00000)
  object space 137728K, 27% used [0x0000000081c00000,0x0000000084186c98,0x000000008a280000)
 Metaspace       used 47608K, capacity 48049K, committed 48512K, reserved 1091584K
  class space    used 6391K, capacity 6513K, committed 6528K, reserved 1048576K
GC Heap History (10 events):
Event: 4.042 GC heap before
{Heap before GC invocations=9 (full 1):
 PSYoungGen      total 156160K, used 140142K [0x00000000d5f00000, 0x00000000e3880000, 0x0000000100000000)
  eden space 133120K, 100% used [0x00000000d5f00000,0x00000000de100000,0x00000000de100000)
  from space 23040K, 30% used [0x00000000de100000,0x00000000de7dbb00,0x00000000df780000)
  to   space 22016K, 0% used [0x00000000e2300000,0x00000000e2300000,0x00000000e3880000)
 ParOldGen       total 104960K, used 33891K [0x0000000081c00000, 0x0000000088280000, 0x00000000d5f00000)
  object space 104960K, 32% used [0x0000000081c00000,0x0000000083d18fb0,0x0000000088280000)
 Metaspace       used 28145K, capacity 28405K, committed 28672K, reserved 1075200K
  class space    used 3733K, capacity 3829K, committed 3840K, reserved 1048576K
Event: 4.072 GC heap after
Heap after GC invocations=9 (full 1):
 PSYoungGen      total 197632K, used 7545K [0x00000000d5f00000, 0x00000000e3680000, 0x0000000100000000)
  eden space 177664K, 0% used [0x00000000d5f00000,0x00000000d5f00000,0x00000000e0c80000)
  from space 19968K, 37% used [0x00000000e2300000,0x00000000e2a5e680,0x00000000e3680000)
  to   space 21504K, 0% used [0x00000000e0c80000,0x00000000e0c80000,0x00000000e2180000)
 ParOldGen       total 104960K, used 33899K [0x0000000081c00000, 0x0000000088280000, 0x00000000d5f00000)
  object space 104960K, 32% used [0x0000000081c00000,0x0000000083d1afb0,0x0000000088280000)
 Metaspace       used 28145K, capacity 28405K, committed 28672K, reserved 1075200K
  class space    used 3733K, capacity 3829K, committed 3840K, reserved 1048576K
}
Event: 4.979 GC heap before
{Heap before GC invocations=10 (full 1):
 PSYoungGen      total 197632K, used 185209K [0x00000000d5f00000, 0x00000000e3680000, 0x0000000100000000)
  eden space 177664K, 100% used [0x00000000d5f00000,0x00000000e0c80000,0x00000000e0c80000)
  from space 19968K, 37% used [0x00000000e2300000,0x00000000e2a5e680,0x00000000e3680000)
  to   space 21504K, 0% used [0x00000000e0c80000,0x00000000e0c80000,0x00000000e2180000)
 ParOldGen       total 104960K, used 33899K [0x0000000081c00000, 0x0000000088280000, 0x00000000d5f00000)
  object space 104960K, 32% used [0x0000000081c00000,0x0000000083d1afb0,0x0000000088280000)
 Metaspace       used 32996K, capacity 33397K, committed 33792K, reserved 1079296K
  class space    used 4373K, capacity 4487K, committed 4608K, reserved 1048576K
Event: 4.994 GC heap after
Heap after GC invocations=10 (full 1):
 PSYoungGen      total 199168K, used 10697K [0x00000000d5f00000, 0x00000000e5400000, 0x0000000100000000)
  eden space 177664K, 0% used [0x00000000d5f00000,0x00000000d5f00000,0x00000000e0c80000)
  from space 21504K, 49% used [0x00000000e0c80000,0x00000000e16f25f0,0x00000000e2180000)
  to   space 20480K, 0% used [0x00000000e4000000,0x00000000e4000000,0x00000000e5400000)
 ParOldGen       total 104960K, used 33907K [0x0000000081c00000, 0x0000000088280000, 0x00000000d5f00000)
  object space 104960K, 32% used [0x0000000081c00000,0x0000000083d1cfb0,0x0000000088280000)
 Metaspace       used 32996K, capacity 33397K, committed 33792K, reserved 1079296K
  class space    used 4373K, capacity 4487K, committed 4608K, reserved 1048576K
}
Event: 5.229 GC heap before
{Heap before GC invocations=11 (full 1):
 PSYoungGen      total 199168K, used 51099K [0x00000000d5f00000, 0x00000000e5400000, 0x0000000100000000)
  eden space 177664K, 22% used [0x00000000d5f00000,0x00000000d8674750,0x00000000e0c80000)
  from space 21504K, 49% used [0x00000000e0c80000,0x00000000e16f25f0,0x00000000e2180000)
  to   space 20480K, 0% used [0x00000000e4000000,0x00000000e4000000,0x00000000e5400000)
 ParOldGen       total 104960K, used 33907K [0x0000000081c00000, 0x0000000088280000, 0x00000000d5f00000)
  object space 104960K, 32% used [0x0000000081c00000,0x0000000083d1cfb0,0x0000000088280000)
 Metaspace       used 34740K, capacity 35105K, committed 35496K, reserved 1079296K
  class space    used 4626K, capacity 4777K, committed 4864K, reserved 1048576K
Event: 5.257 GC heap after
Heap after GC invocations=11 (full 1):
 PSYoungGen      total 231424K, used 9372K [0x00000000d5f00000, 0x00000000e5b80000, 0x0000000100000000)
  eden space 210944K, 0% used [0x00000000d5f00000,0x00000000d5f00000,0x00000000e2d00000)
  from space 20480K, 45% used [0x00000000e4000000,0x00000000e4927018,0x00000000e5400000)
  to   space 19456K, 0% used [0x00000000e2d00000,0x00000000e2d00000,0x00000000e4000000)
 ParOldGen       total 104960K, used 33915K [0x0000000081c00000, 0x0000000088280000, 0x00000000d5f00000)
  object space 104960K, 32% used [0x0000000081c00000,0x0000000083d1efb0,0x0000000088280000)
 Metaspace       used 34740K, capacity 35105K, committed 35496K, reserved 1079296K
  class space    used 4626K, capacity 4777K, committed 4864K, reserved 1048576K
}
Event: 5.257 GC heap before
{Heap before GC invocations=12 (full 2):
 PSYoungGen      total 231424K, used 9372K [0x00000000d5f00000, 0x00000000e5b80000, 0x0000000100000000)
  eden space 210944K, 0% used [0x00000000d5f00000,0x00000000d5f00000,0x00000000e2d00000)
  from space 20480K, 45% used [0x00000000e4000000,0x00000000e4927018,0x00000000e5400000)
  to   space 19456K, 0% used [0x00000000e2d00000,0x00000000e2d00000,0x00000000e4000000)
 ParOldGen       total 104960K, used 33915K [0x0000000081c00000, 0x0000000088280000, 0x00000000d5f00000)
  object space 104960K, 32% used [0x0000000081c00000,0x0000000083d1efb0,0x0000000088280000)
 Metaspace       used 34740K, capacity 35105K, committed 35496K, reserved 1079296K
  class space    used 4626K, capacity 4777K, committed 4864K, reserved 1048576K
Event: 5.397 GC heap after
Heap after GC invocations=12 (full 2):
 PSYoungGen      total 231424K, used 0K [0x00000000d5f00000, 0x00000000e5b80000, 0x0000000100000000)
  eden space 210944K, 0% used [0x00000000d5f00000,0x00000000d5f00000,0x00000000e2d00000)
  from space 20480K, 0% used [0x00000000e4000000,0x00000000e4000000,0x00000000e5400000)
  to   space 19456K, 0% used [0x00000000e2d00000,0x00000000e2d00000,0x00000000e4000000)
 ParOldGen       total 137728K, used 38419K [0x0000000081c00000, 0x000000008a280000, 0x00000000d5f00000)
  object space 137728K, 27% used [0x0000000081c00000,0x0000000084184c98,0x000000008a280000)
 Metaspace       used 34740K, capacity 35105K, committed 35496K, reserved 1079296K
  class space    used 4626K, capacity 4777K, committed 4864K, reserved 1048576K
}
Event: 6.710 GC heap before
{Heap before GC invocations=13 (full 2):
 PSYoungGen      total 231424K, used 210944K [0x00000000d5f00000, 0x00000000e5b80000, 0x0000000100000000)
  eden space 210944K, 100% used [0x00000000d5f00000,0x00000000e2d00000,0x00000000e2d00000)
  from space 20480K, 0% used [0x00000000e4000000,0x00000000e4000000,0x00000000e5400000)
  to   space 19456K, 0% used [0x00000000e2d00000,0x00000000e2d00000,0x00000000e4000000)
 ParOldGen       total 137728K, used 38419K [0x0000000081c00000, 0x000000008a280000, 0x00000000d5f00000)
  object space 137728K, 27% used [0x0000000081c00000,0x0000000084184c98,0x000000008a280000)
 Metaspace       used 43487K, capacity 43897K, committed 44160K, reserved 1087488K
  class space    used 5847K, capacity 5965K, committed 6016K, reserved 1048576K
Event: 6.720 GC heap after
Heap after GC invocations=13 (full 2):
 PSYoungGen      total 230400K, used 9826K [0x00000000d5f00000, 0x00000000e8200000, 0x0000000100000000)
  eden space 210944K, 0% used [0x00000000d5f00000,0x00000000d5f00000,0x00000000e2d00000)
  from space 19456K, 50% used [0x00000000e2d00000,0x00000000e36988e8,0x00000000e4000000)
  to   space 18944K, 0% used [0x00000000e6f80000,0x00000000e6f80000,0x00000000e8200000)
 ParOldGen       total 137728K, used 38427K [0x0000000081c00000, 0x000000008a280000, 0x00000000d5f00000)
  object space 137728K, 27% used [0x0000000081c00000,0x0000000084186c98,0x000000008a280000)
 Metaspace       used 43487K, capacity 43897K, committed 44160K, reserved 1087488K
  class space    used 5847K, capacity 5965K, committed 6016K, reserved 1048576K
}

